[INFO ] 2022-02-05 06:38:25.490 [main] IFunction - 2. Replacing array element by condition
 Custom array:
 [2, 30, 1]
 Modified array:
 null


[INFO ] 2022-02-05 06:38:33.242 [main] IFunction - 5. Determination the number of positive/negative array elements.
 Custom array:
 [12, 3, 1, 28, 30, 15]
 The Number of positive array elements: 6
 The Number of negative array elements: 0


[INFO ] 2022-02-05 06:40:51.925 [main] IFunction - 5. Determination the number of positive/negative array elements.
 Custom array:
 [5, 1, 17, 27, 3, 10]
 The Number of positive array elements: 6
 The Number of negative array elements: 0


[INFO ] 2022-02-05 06:41:34.125 [main] IFunction - 5. Determination the number of positive/negative array elements.
 Custom array:
 [25, 16, 16, 11, 25, 8]
 The Number of positive array elements: 6
 The Number of negative array elements: 0


[INFO ] 2022-02-05 06:43:15.813 [main] IFunction - 5. Determination the number of positive/negative array elements.
 Custom array:
 [8, 0, 12, -2, 8, -14]
 The Number of positive array elements: 3
 The Number of negative array elements: 3


[INFO ] 2022-02-05 06:43:51.744 [main] IFunction - 5. Determination the number of positive/negative array elements.
 Custom array:
 [-3, -7, 8, 14, 13, 10]
 The Number of positive array elements: 4
 The Number of negative array elements: 2


[INFO ] 2022-02-05 06:44:18.655 [main] IFunction - 2. Replacing array element by condition
 Custom array:
 [5, 13, 13]
 Modified array:
 null


[INFO ] 2022-02-05 06:46:43.467 [main] IFunction - 2. Replacing array element by condition
 Custom array:
 [14, 32, 8, 30, 23, 13]
 Modified array:
 [14, 8, 23]


[INFO ] 2022-02-05 06:50:15.633 [main] IFunction - 3. Determining the average value of array elements
 Custom array:
 [5, 11, 24, 29, 1, 3]
 The Average score: 12.0


[INFO ] 2022-02-05 06:51:03.342 [main] IFunction - 1. Finding min/max values of array
 Custom array - Sort of Hoare:
 [28, 25, 2, 7, 29, 17]
 [2, 7, 17, 25, 28, 29]
 Min value is: 2
 Max value is: 29


[INFO ] 2022-02-05 06:51:05.406 [main] IFunction - 2. Replacing array element by condition
 Custom array:
 [2, 21, 26, 4, 12, 8]
 Modified array:
 [2, 26, 12]


[INFO ] 2022-02-05 06:51:07.584 [main] IFunction - 3. Determining the average value of array elements
 Custom array:
 [18, 8, 23, 8, 14, 31]
 The Average score: 17.0


[INFO ] 2022-02-05 06:51:11.748 [main] IFunction - 4. Determining sum of array elements
 Custom array:
 [12, 11, 21, 6, 23, 28]
 The Sum of array element is: 101


[INFO ] 2022-02-05 06:51:14.828 [main] IFunction - 5. Determination the number of positive/negative array elements.
 Custom array:
 [12, 10, -15, -3, 13, -12]
 The Number of positive array elements: 3
 The Number of negative array elements: 3


