[INFO ] 2022-02-10 06:40:52.254 [main] IFunction - 2. Replacing array element by condition
 Custom array:
 []
 Modified array:
 []


[INFO ] 2022-02-10 06:41:08.510 [main] IFunction - 4. Determining sum of array elements
 Custom array:
 [15, 6, 15, 8, 20, 6]
 The Sum of array element is: 70


[INFO ] 2022-02-10 06:41:10.860 [main] IFunction - 5. Determination the number of positive/negative array elements.
 Custom array:
 [1, -14, -5, -15, 11, 3]
 The Number of positive array elements: 3
 The Number of negative array elements: 3


[INFO ] 2022-02-10 06:43:01.566 [main] IFunction - 1. Finding min/max values of array
 Custom array - Sort of Hoare:
 [1, 3, 6, 4, 2, 5]
 [1, 2, 3, 4, 5, 6]
 Min value is: 1
 Max value is: 6


[INFO ] 2022-02-10 06:43:03.059 [main] IFunction - 2. Replacing array element by condition
 Custom array:
 [1, 3, 6, 4, 2, 5]
 Modified array:
 [1, 6, 2]


[INFO ] 2022-02-10 06:43:04.533 [main] IFunction - 3. Determining the average value of array elements
 Custom array:
 [1, 3, 6, 4, 2, 5]
 The Average score: 3.5


[INFO ] 2022-02-10 06:43:06.877 [main] IFunction - 4. Determining sum of array elements
 Custom array:
 [20, 22, 23, 16, 22]
 The Sum of array element is: 103


[INFO ] 2022-02-10 06:43:09.482 [main] IFunction - 5. Determination the number of positive/negative array elements.
 Custom array:
 [9, -4, 7, -8, -10, -2]
 The Number of positive array elements: 2
 The Number of negative array elements: 4


[INFO ] 2022-02-10 07:03:07.056 [main] IFunction - 1. Finding min/max values of array
 Custom array - Sort of Hoare:
 [1, 3, 6, 4, 2, 5]
 [1, 2, 3, 4, 5, 6]
 Min value is: 1
 Max value is: 6


[INFO ] 2022-02-10 07:03:25.263 [main] IFunction - 2. Replacing array element by condition
 Custom array:
 [1, 3, 6, 4, 2, 5]
 Modified array:
 [1, 6, 2]


[INFO ] 2022-02-10 07:04:28.444 [main] IFunction - 1. Finding min/max values of array
 Custom array - Sort of Hoare:
 [1, 3, 6, 4, 2, 5]
 [1, 2, 3, 4, 5, 6]
 Min value is: 1
 Max value is: 6


[INFO ] 2022-02-10 07:09:13.513 [main] IFunction - 1. Finding min/max values of array
 Custom array - Sort of Hoare:
 [1, 3, 6, 4, 2, 5]
 [1, 2, 3, 4, 5, 6]
 Min value is: 1
 Max value is: 6


[INFO ] 2022-02-10 07:09:14.206 [main] IFunction - 2. Replacing array element by condition
 Custom array:
 [1, 3, 6, 4, 2, 5]
 Modified array:
 [1, 6, 2]


[INFO ] 2022-02-10 07:09:14.846 [main] IFunction - 3. Determining the average value of array elements
 Custom array:
 [1, 3, 6, 4, 2, 5]
 The Average score: 3.5


[INFO ] 2022-02-10 07:09:17.033 [main] IFunction - 4. Determining sum of array elements
 Custom array:
 [6, 1, 31, 26, 25, 24]
 The Sum of array element is: 113


[INFO ] 2022-02-10 07:09:18.317 [main] IFunction - 5. Determination the number of positive/negative array elements.
 Custom array:
 [-9, -1, -7, 1, 13, -4]
 The Number of positive array elements: 2
 The Number of negative array elements: 4


